14/12/2022 10:18:54:450  INFO - Start | session id:sess7380714 | HotelTableBooking:LanguageMenu | LangMenu |  |  |  | undefined
14/12/2022 12:40:43:576  INFO - Start | session id:sess7322741 | HotelTableBooking:LanguageMenu | LangMenu |  |  |  | undefined
14/12/2022 12:40:53:606  INFO - Start | session id:sess7322741 | HotelTableBooking:EngMainMenu | EngMainMenu |  |  |  | undefined
14/12/2022 12:40:55:568  INFO - In Progress | session id:sess7322741 | HotelTableBooking:AddBooking-getBookingNo | GetBookingNo | Auto Generated Booking Number | BookingNo | 1750 | undefined
14/12/2022 12:43:45:082  INFO - Start | session id:sess606934 | HotelTableBooking:LanguageMenu | LangMenu |  |  |  | undefined
14/12/2022 12:43:49:843  INFO - Start | session id:sess606934 | HotelTableBooking:EngMainMenu | EngMainMenu |  |  |  | undefined
14/12/2022 12:43:51:579  INFO - In Progress | session id:sess606934 | HotelTableBooking:AddBooking-getBookingNo | GetBookingNo | Auto Generated Booking Number | BookingNo | 1750 | undefined
14/12/2022 12:50:53:782  INFO - Start | session id:sess5232401 | HotelTableBooking:LanguageMenu | LangMenu |  |  |  | undefined
14/12/2022 12:50:58:558  INFO - Start | session id:sess5232401 | HotelTableBooking:EngMainMenu | EngMainMenu |  |  |  | undefined
14/12/2022 12:53:00:427  INFO - Start | session id:sess9003950 | HotelTableBooking:LanguageMenu | LangMenu |  |  |  | undefined
14/12/2022 12:53:02:616  INFO - Start | session id:sess9003950 | HotelTableBooking:EngMainMenu | EngMainMenu |  |  |  | undefined
14/12/2022 12:54:53:355  INFO - Start | session id:sess9137242 | HotelTableBooking:LanguageMenu | LangMenu |  |  |  | undefined
14/12/2022 12:54:58:133  INFO - Start | session id:sess9137242 | HotelTableBooking:EngMainMenu | EngMainMenu |  |  |  | undefined
14/12/2022 13:00:03:364  INFO - Start | session id:sess4213645 | HotelTableBooking:LanguageMenu | LangMenu |  |  |  | undefined
14/12/2022 13:00:12:877  INFO - Start | session id:sess4213645 | HotelTableBooking:EngMainMenu | EngMainMenu |  |  |  | undefined
14/12/2022 13:00:15:952  INFO - In Progress | session id:sess4213645 | HotelTableBooking:AddBooking-getBookingNo | GetBookingNo | Auto Generated Booking Number | BookingNo | 1750 | undefined
14/12/2022 13:03:33:863  INFO - Start | session id:sess2068099 | HotelTableBooking:LanguageMenu | LangMenu |  |  |  | undefined
14/12/2022 13:03:36:534  INFO - Start | session id:sess2068099 | HotelTableBooking:EngMainMenu | EngMainMenu |  |  |  | undefined
14/12/2022 16:55:22:843  INFO - Start | session id:sess8756782 | HotelTableBooking:LanguageMenu | LangMenu |  |  |  | undefined
14/12/2022 16:55:26:773  INFO - Start | session id:sess8756782 | HotelTableBooking:EngMainMenu | EngMainMenu |  |  |  | undefined
14/12/2022 16:55:45:026 ERROR - In Progress | session id:sess8756782 | HotelTableBooking:AddBooking-ValidateDate |  | java.lang.NullPointerException | Exception stack trace | Error processing request
 EXCEPTION> 
java.lang.NullPointerException
	at flow.subflow.AddBooking.ValidateDate.servletImplementation(ValidateDate.java:48)
	at com.avaya.sce.runtime.BasicServlet.handleRequest(BasicServlet.java:112)
	at com.avaya.sce.runtime.AppServlet.processRequest(AppServlet.java:96)
	at com.avaya.sce.runtime.SCEServlet.requestHandler(SCEServlet.java:247)
	at com.avaya.sce.runtime.SCEServlet.doPost(SCEServlet.java:148)
	at javax.servlet.http.HttpServlet.service(HttpServlet.java:652)
	at javax.servlet.http.HttpServlet.service(HttpServlet.java:733)
	at org.apache.catalina.core.ApplicationFilterChain.internalDoFilter(ApplicationFilterChain.java:231)
	at org.apache.catalina.core.ApplicationFilterChain.doFilter(ApplicationFilterChain.java:166)
	at org.apache.tomcat.websocket.server.WsFilter.doFilter(WsFilter.java:53)
	at org.apache.catalina.core.ApplicationFilterChain.internalDoFilter(ApplicationFilterChain.java:193)
	at org.apache.catalina.core.ApplicationFilterChain.doFilter(ApplicationFilterChain.java:166)
	at org.apache.logging.log4j.web.Log4jServletFilter.doFilter(Log4jServletFilter.java:71)
	at org.apache.catalina.core.ApplicationFilterChain.internalDoFilter(ApplicationFilterChain.java:193)
	at org.apache.catalina.core.ApplicationFilterChain.doFilter(ApplicationFilterChain.java:166)
	at org.apache.catalina.core.StandardWrapperValve.invoke(StandardWrapperValve.java:202)
	at org.apache.catalina.core.StandardContextValve.invoke(StandardContextValve.java:97)
	at org.apache.catalina.authenticator.AuthenticatorBase.invoke(AuthenticatorBase.java:542)
	at org.apache.catalina.core.StandardHostValve.invoke(StandardHostValve.java:143)
	at org.apache.catalina.valves.ErrorReportValve.invoke(ErrorReportValve.java:92)
	at org.apache.catalina.valves.AbstractAccessLogValve.invoke(AbstractAccessLogValve.java:690)
	at org.apache.catalina.core.StandardEngineValve.invoke(StandardEngineValve.java:78)
	at org.apache.catalina.connector.CoyoteAdapter.service(CoyoteAdapter.java:343)
	at org.apache.coyote.http11.Http11Processor.service(Http11Processor.java:374)
	at org.apache.coyote.AbstractProcessorLight.process(AbstractProcessorLight.java:65)
	at org.apache.coyote.AbstractProtocol$ConnectionHandler.process(AbstractProtocol.java:868)
	at org.apache.tomcat.util.net.NioEndpoint$SocketProcessor.doRun(NioEndpoint.java:1590)
	at org.apache.tomcat.util.net.SocketProcessorBase.run(SocketProcessorBase.java:49)
	at java.util.concurrent.ThreadPoolExecutor.runWorker(Unknown Source)
	at java.util.concurrent.ThreadPoolExecutor$Worker.run(Unknown Source)
	at org.apache.tomcat.util.threads.TaskThread$WrappingRunnable.run(TaskThread.java:61)
	at java.lang.Thread.run(Unknown Source)
 | undefined
14/12/2022 17:02:04:043  INFO - Start | session id:sess3370492 | HotelTableBooking:LanguageMenu | LangMenu |  |  |  | undefined
14/12/2022 17:02:53:572  INFO - Start | session id:sess3370492 | HotelTableBooking:EngMainMenu | EngMainMenu |  |  |  | undefined
14/12/2022 17:03:04:486 ERROR - In Progress | session id:sess3370492 | HotelTableBooking:AddBooking-ValidateDate |  | java.lang.NullPointerException | Exception stack trace | Error processing request
 EXCEPTION> 
java.lang.NullPointerException
	at flow.subflow.AddBooking.ValidateDate.servletImplementation(ValidateDate.java:48)
	at com.avaya.sce.runtime.BasicServlet.handleRequest(BasicServlet.java:112)
	at com.avaya.sce.runtime.AppServlet.processRequest(AppServlet.java:96)
	at com.avaya.sce.runtime.SCEServlet.requestHandler(SCEServlet.java:247)
	at com.avaya.sce.runtime.SCEServlet.doPost(SCEServlet.java:148)
	at javax.servlet.http.HttpServlet.service(HttpServlet.java:652)
	at javax.servlet.http.HttpServlet.service(HttpServlet.java:733)
	at org.apache.catalina.core.ApplicationFilterChain.internalDoFilter(ApplicationFilterChain.java:231)
	at org.apache.catalina.core.ApplicationFilterChain.doFilter(ApplicationFilterChain.java:166)
	at org.apache.tomcat.websocket.server.WsFilter.doFilter(WsFilter.java:53)
	at org.apache.catalina.core.ApplicationFilterChain.internalDoFilter(ApplicationFilterChain.java:193)
	at org.apache.catalina.core.ApplicationFilterChain.doFilter(ApplicationFilterChain.java:166)
	at org.apache.logging.log4j.web.Log4jServletFilter.doFilter(Log4jServletFilter.java:71)
	at org.apache.catalina.core.ApplicationFilterChain.internalDoFilter(ApplicationFilterChain.java:193)
	at org.apache.catalina.core.ApplicationFilterChain.doFilter(ApplicationFilterChain.java:166)
	at org.apache.catalina.core.StandardWrapperValve.invoke(StandardWrapperValve.java:202)
	at org.apache.catalina.core.StandardContextValve.invoke(StandardContextValve.java:97)
	at org.apache.catalina.authenticator.AuthenticatorBase.invoke(AuthenticatorBase.java:542)
	at org.apache.catalina.core.StandardHostValve.invoke(StandardHostValve.java:143)
	at org.apache.catalina.valves.ErrorReportValve.invoke(ErrorReportValve.java:92)
	at org.apache.catalina.valves.AbstractAccessLogValve.invoke(AbstractAccessLogValve.java:690)
	at org.apache.catalina.core.StandardEngineValve.invoke(StandardEngineValve.java:78)
	at org.apache.catalina.connector.CoyoteAdapter.service(CoyoteAdapter.java:343)
	at org.apache.coyote.http11.Http11Processor.service(Http11Processor.java:374)
	at org.apache.coyote.AbstractProcessorLight.process(AbstractProcessorLight.java:65)
	at org.apache.coyote.AbstractProtocol$ConnectionHandler.process(AbstractProtocol.java:868)
	at org.apache.tomcat.util.net.NioEndpoint$SocketProcessor.doRun(NioEndpoint.java:1590)
	at org.apache.tomcat.util.net.SocketProcessorBase.run(SocketProcessorBase.java:49)
	at java.util.concurrent.ThreadPoolExecutor.runWorker(Unknown Source)
	at java.util.concurrent.ThreadPoolExecutor$Worker.run(Unknown Source)
	at org.apache.tomcat.util.threads.TaskThread$WrappingRunnable.run(TaskThread.java:61)
	at java.lang.Thread.run(Unknown Source)
 | undefined
14/12/2022 17:04:11:956  INFO - Start | session id:sess8391346 | HotelTableBooking:LanguageMenu | LangMenu |  |  |  | undefined
14/12/2022 17:04:21:484  INFO - Start | session id:sess8391346 | HotelTableBooking:EngMainMenu | EngMainMenu |  |  |  | undefined
14/12/2022 17:04:31:375 ERROR - In Progress | session id:sess8391346 | HotelTableBooking:AddBooking-ValidateDate |  | java.lang.NullPointerException | Exception stack trace | Error processing request
 EXCEPTION> 
java.lang.NullPointerException
	at flow.subflow.AddBooking.ValidateDate.servletImplementation(ValidateDate.java:48)
	at com.avaya.sce.runtime.BasicServlet.handleRequest(BasicServlet.java:112)
	at com.avaya.sce.runtime.AppServlet.processRequest(AppServlet.java:96)
	at com.avaya.sce.runtime.SCEServlet.requestHandler(SCEServlet.java:247)
	at com.avaya.sce.runtime.SCEServlet.doPost(SCEServlet.java:148)
	at javax.servlet.http.HttpServlet.service(HttpServlet.java:652)
	at javax.servlet.http.HttpServlet.service(HttpServlet.java:733)
	at org.apache.catalina.core.ApplicationFilterChain.internalDoFilter(ApplicationFilterChain.java:231)
	at org.apache.catalina.core.ApplicationFilterChain.doFilter(ApplicationFilterChain.java:166)
	at org.apache.tomcat.websocket.server.WsFilter.doFilter(WsFilter.java:53)
	at org.apache.catalina.core.ApplicationFilterChain.internalDoFilter(ApplicationFilterChain.java:193)
	at org.apache.catalina.core.ApplicationFilterChain.doFilter(ApplicationFilterChain.java:166)
	at org.apache.logging.log4j.web.Log4jServletFilter.doFilter(Log4jServletFilter.java:71)
	at org.apache.catalina.core.ApplicationFilterChain.internalDoFilter(ApplicationFilterChain.java:193)
	at org.apache.catalina.core.ApplicationFilterChain.doFilter(ApplicationFilterChain.java:166)
	at org.apache.catalina.core.StandardWrapperValve.invoke(StandardWrapperValve.java:202)
	at org.apache.catalina.core.StandardContextValve.invoke(StandardContextValve.java:97)
	at org.apache.catalina.authenticator.AuthenticatorBase.invoke(AuthenticatorBase.java:542)
	at org.apache.catalina.core.StandardHostValve.invoke(StandardHostValve.java:143)
	at org.apache.catalina.valves.ErrorReportValve.invoke(ErrorReportValve.java:92)
	at org.apache.catalina.valves.AbstractAccessLogValve.invoke(AbstractAccessLogValve.java:690)
	at org.apache.catalina.core.StandardEngineValve.invoke(StandardEngineValve.java:78)
	at org.apache.catalina.connector.CoyoteAdapter.service(CoyoteAdapter.java:343)
	at org.apache.coyote.http11.Http11Processor.service(Http11Processor.java:374)
	at org.apache.coyote.AbstractProcessorLight.process(AbstractProcessorLight.java:65)
	at org.apache.coyote.AbstractProtocol$ConnectionHandler.process(AbstractProtocol.java:868)
	at org.apache.tomcat.util.net.NioEndpoint$SocketProcessor.doRun(NioEndpoint.java:1590)
	at org.apache.tomcat.util.net.SocketProcessorBase.run(SocketProcessorBase.java:49)
	at java.util.concurrent.ThreadPoolExecutor.runWorker(Unknown Source)
	at java.util.concurrent.ThreadPoolExecutor$Worker.run(Unknown Source)
	at org.apache.tomcat.util.threads.TaskThread$WrappingRunnable.run(TaskThread.java:61)
	at java.lang.Thread.run(Unknown Source)
 | undefined
14/12/2022 17:05:42:322  INFO - Start | session id:sess5534471 | HotelTableBooking:LanguageMenu | LangMenu |  |  |  | undefined
14/12/2022 17:05:47:392  INFO - Start | session id:sess5534471 | HotelTableBooking:EngMainMenu | EngMainMenu |  |  |  | undefined
14/12/2022 17:05:58:394 ERROR - In Progress | session id:sess5534471 | HotelTableBooking:AddBooking-ValidateDate |  | java.lang.NullPointerException | Exception stack trace | Error processing request
 EXCEPTION> 
java.lang.NullPointerException
	at flow.subflow.AddBooking.ValidateDate.servletImplementation(ValidateDate.java:48)
	at com.avaya.sce.runtime.BasicServlet.handleRequest(BasicServlet.java:112)
	at com.avaya.sce.runtime.AppServlet.processRequest(AppServlet.java:96)
	at com.avaya.sce.runtime.SCEServlet.requestHandler(SCEServlet.java:247)
	at com.avaya.sce.runtime.SCEServlet.doPost(SCEServlet.java:148)
	at javax.servlet.http.HttpServlet.service(HttpServlet.java:652)
	at javax.servlet.http.HttpServlet.service(HttpServlet.java:733)
	at org.apache.catalina.core.ApplicationFilterChain.internalDoFilter(ApplicationFilterChain.java:231)
	at org.apache.catalina.core.ApplicationFilterChain.doFilter(ApplicationFilterChain.java:166)
	at org.apache.tomcat.websocket.server.WsFilter.doFilter(WsFilter.java:53)
	at org.apache.catalina.core.ApplicationFilterChain.internalDoFilter(ApplicationFilterChain.java:193)
	at org.apache.catalina.core.ApplicationFilterChain.doFilter(ApplicationFilterChain.java:166)
	at org.apache.logging.log4j.web.Log4jServletFilter.doFilter(Log4jServletFilter.java:71)
	at org.apache.catalina.core.ApplicationFilterChain.internalDoFilter(ApplicationFilterChain.java:193)
	at org.apache.catalina.core.ApplicationFilterChain.doFilter(ApplicationFilterChain.java:166)
	at org.apache.catalina.core.StandardWrapperValve.invoke(StandardWrapperValve.java:202)
	at org.apache.catalina.core.StandardContextValve.invoke(StandardContextValve.java:97)
	at org.apache.catalina.authenticator.AuthenticatorBase.invoke(AuthenticatorBase.java:542)
	at org.apache.catalina.core.StandardHostValve.invoke(StandardHostValve.java:143)
	at org.apache.catalina.valves.ErrorReportValve.invoke(ErrorReportValve.java:92)
	at org.apache.catalina.valves.AbstractAccessLogValve.invoke(AbstractAccessLogValve.java:690)
	at org.apache.catalina.core.StandardEngineValve.invoke(StandardEngineValve.java:78)
	at org.apache.catalina.connector.CoyoteAdapter.service(CoyoteAdapter.java:343)
	at org.apache.coyote.http11.Http11Processor.service(Http11Processor.java:374)
	at org.apache.coyote.AbstractProcessorLight.process(AbstractProcessorLight.java:65)
	at org.apache.coyote.AbstractProtocol$ConnectionHandler.process(AbstractProtocol.java:868)
	at org.apache.tomcat.util.net.NioEndpoint$SocketProcessor.doRun(NioEndpoint.java:1590)
	at org.apache.tomcat.util.net.SocketProcessorBase.run(SocketProcessorBase.java:49)
	at java.util.concurrent.ThreadPoolExecutor.runWorker(Unknown Source)
	at java.util.concurrent.ThreadPoolExecutor$Worker.run(Unknown Source)
	at org.apache.tomcat.util.threads.TaskThread$WrappingRunnable.run(TaskThread.java:61)
	at java.lang.Thread.run(Unknown Source)
 | undefined
14/12/2022 17:07:21:330  INFO - Start | session id:sess2573067 | HotelTableBooking:LanguageMenu | LangMenu |  |  |  | undefined
14/12/2022 17:07:38:742  INFO - Start | session id:sess2573067 | HotelTableBooking:EngMainMenu | EngMainMenu |  |  |  | undefined
14/12/2022 17:07:47:010 ERROR - In Progress | session id:sess2573067 | HotelTableBooking:AddBooking-ValidateDate |  | java.lang.NullPointerException | Exception stack trace | Error processing request
 EXCEPTION> 
java.lang.NullPointerException
	at flow.subflow.AddBooking.ValidateDate.servletImplementation(ValidateDate.java:60)
	at com.avaya.sce.runtime.BasicServlet.handleRequest(BasicServlet.java:112)
	at com.avaya.sce.runtime.AppServlet.processRequest(AppServlet.java:96)
	at com.avaya.sce.runtime.SCEServlet.requestHandler(SCEServlet.java:247)
	at com.avaya.sce.runtime.SCEServlet.doPost(SCEServlet.java:148)
	at javax.servlet.http.HttpServlet.service(HttpServlet.java:652)
	at javax.servlet.http.HttpServlet.service(HttpServlet.java:733)
	at org.apache.catalina.core.ApplicationFilterChain.internalDoFilter(ApplicationFilterChain.java:231)
	at org.apache.catalina.core.ApplicationFilterChain.doFilter(ApplicationFilterChain.java:166)
	at org.apache.tomcat.websocket.server.WsFilter.doFilter(WsFilter.java:53)
	at org.apache.catalina.core.ApplicationFilterChain.internalDoFilter(ApplicationFilterChain.java:193)
	at org.apache.catalina.core.ApplicationFilterChain.doFilter(ApplicationFilterChain.java:166)
	at org.apache.logging.log4j.web.Log4jServletFilter.doFilter(Log4jServletFilter.java:71)
	at org.apache.catalina.core.ApplicationFilterChain.internalDoFilter(ApplicationFilterChain.java:193)
	at org.apache.catalina.core.ApplicationFilterChain.doFilter(ApplicationFilterChain.java:166)
	at org.apache.catalina.core.StandardWrapperValve.invoke(StandardWrapperValve.java:202)
	at org.apache.catalina.core.StandardContextValve.invoke(StandardContextValve.java:97)
	at org.apache.catalina.authenticator.AuthenticatorBase.invoke(AuthenticatorBase.java:542)
	at org.apache.catalina.core.StandardHostValve.invoke(StandardHostValve.java:143)
	at org.apache.catalina.valves.ErrorReportValve.invoke(ErrorReportValve.java:92)
	at org.apache.catalina.valves.AbstractAccessLogValve.invoke(AbstractAccessLogValve.java:690)
	at org.apache.catalina.core.StandardEngineValve.invoke(StandardEngineValve.java:78)
	at org.apache.catalina.connector.CoyoteAdapter.service(CoyoteAdapter.java:343)
	at org.apache.coyote.http11.Http11Processor.service(Http11Processor.java:374)
	at org.apache.coyote.AbstractProcessorLight.process(AbstractProcessorLight.java:65)
	at org.apache.coyote.AbstractProtocol$ConnectionHandler.process(AbstractProtocol.java:868)
	at org.apache.tomcat.util.net.NioEndpoint$SocketProcessor.doRun(NioEndpoint.java:1590)
	at org.apache.tomcat.util.net.SocketProcessorBase.run(SocketProcessorBase.java:49)
	at java.util.concurrent.ThreadPoolExecutor.runWorker(Unknown Source)
	at java.util.concurrent.ThreadPoolExecutor$Worker.run(Unknown Source)
	at org.apache.tomcat.util.threads.TaskThread$WrappingRunnable.run(TaskThread.java:61)
	at java.lang.Thread.run(Unknown Source)
 | undefined
14/12/2022 17:09:58:691  INFO - Start | session id:sess7514327 | HotelTableBooking:LanguageMenu | LangMenu |  |  |  | undefined
14/12/2022 17:10:05:157  INFO - Start | session id:sess7514327 | HotelTableBooking:EngMainMenu | EngMainMenu |  |  |  | undefined
14/12/2022 17:10:16:582 ERROR - In Progress | session id:sess7514327 | HotelTableBooking:AddBooking-ValidateDate |  | java.lang.NullPointerException | Exception stack trace | Error processing request
 EXCEPTION> 
java.lang.NullPointerException
	at flow.subflow.AddBooking.ValidateDate.servletImplementation(ValidateDate.java:60)
	at com.avaya.sce.runtime.BasicServlet.handleRequest(BasicServlet.java:112)
	at com.avaya.sce.runtime.AppServlet.processRequest(AppServlet.java:96)
	at com.avaya.sce.runtime.SCEServlet.requestHandler(SCEServlet.java:247)
	at com.avaya.sce.runtime.SCEServlet.doPost(SCEServlet.java:148)
	at javax.servlet.http.HttpServlet.service(HttpServlet.java:652)
	at javax.servlet.http.HttpServlet.service(HttpServlet.java:733)
	at org.apache.catalina.core.ApplicationFilterChain.internalDoFilter(ApplicationFilterChain.java:231)
	at org.apache.catalina.core.ApplicationFilterChain.doFilter(ApplicationFilterChain.java:166)
	at org.apache.tomcat.websocket.server.WsFilter.doFilter(WsFilter.java:53)
	at org.apache.catalina.core.ApplicationFilterChain.internalDoFilter(ApplicationFilterChain.java:193)
	at org.apache.catalina.core.ApplicationFilterChain.doFilter(ApplicationFilterChain.java:166)
	at org.apache.logging.log4j.web.Log4jServletFilter.doFilter(Log4jServletFilter.java:71)
	at org.apache.catalina.core.ApplicationFilterChain.internalDoFilter(ApplicationFilterChain.java:193)
	at org.apache.catalina.core.ApplicationFilterChain.doFilter(ApplicationFilterChain.java:166)
	at org.apache.catalina.core.StandardWrapperValve.invoke(StandardWrapperValve.java:202)
	at org.apache.catalina.core.StandardContextValve.invoke(StandardContextValve.java:97)
	at org.apache.catalina.authenticator.AuthenticatorBase.invoke(AuthenticatorBase.java:542)
	at org.apache.catalina.core.StandardHostValve.invoke(StandardHostValve.java:143)
	at org.apache.catalina.valves.ErrorReportValve.invoke(ErrorReportValve.java:92)
	at org.apache.catalina.valves.AbstractAccessLogValve.invoke(AbstractAccessLogValve.java:690)
	at org.apache.catalina.core.StandardEngineValve.invoke(StandardEngineValve.java:78)
	at org.apache.catalina.connector.CoyoteAdapter.service(CoyoteAdapter.java:343)
	at org.apache.coyote.http11.Http11Processor.service(Http11Processor.java:374)
	at org.apache.coyote.AbstractProcessorLight.process(AbstractProcessorLight.java:65)
	at org.apache.coyote.AbstractProtocol$ConnectionHandler.process(AbstractProtocol.java:868)
	at org.apache.tomcat.util.net.NioEndpoint$SocketProcessor.doRun(NioEndpoint.java:1590)
	at org.apache.tomcat.util.net.SocketProcessorBase.run(SocketProcessorBase.java:49)
	at java.util.concurrent.ThreadPoolExecutor.runWorker(Unknown Source)
	at java.util.concurrent.ThreadPoolExecutor$Worker.run(Unknown Source)
	at org.apache.tomcat.util.threads.TaskThread$WrappingRunnable.run(TaskThread.java:61)
	at java.lang.Thread.run(Unknown Source)
 | undefined
14/12/2022 17:21:44:986  INFO - Start | session id:sess2675334 | HotelTableBooking:LanguageMenu | LangMenu |  |  |  | undefined
14/12/2022 17:21:54:493  INFO - Start | session id:sess2675334 | HotelTableBooking:EngMainMenu | EngMainMenu |  |  |  | undefined
14/12/2022 17:30:26:768  INFO - Start | session id:sess2702236 | HotelTableBooking:LanguageMenu | LangMenu |  |  |  | undefined
14/12/2022 17:30:34:690  INFO - Start | session id:sess2702236 | HotelTableBooking:EngMainMenu | EngMainMenu |  |  |  | undefined
14/12/2022 17:32:41:170  INFO - Start | session id:sess7382581 | HotelTableBooking:LanguageMenu | LangMenu |  |  |  | undefined
14/12/2022 17:33:05:963  INFO - Start | session id:sess7382581 | HotelTableBooking:EngMainMenu | EngMainMenu |  |  |  | undefined
14/12/2022 17:38:05:864  INFO - Start | session id:sess2219895 | HotelTableBooking:LanguageMenu | LangMenu |  |  |  | undefined
14/12/2022 17:38:08:524  INFO - Start | session id:sess2219895 | HotelTableBooking:EngMainMenu | EngMainMenu |  |  |  | undefined
14/12/2022 17:38:29:544  INFO - In Progress | session id:sess2219895 | HotelTableBooking:AddBooking-DateValidater | CheckDate | User entered valid date format |  |  | undefined
14/12/2022 17:38:34:434  INFO - In Progress | session id:sess2219895 | HotelTableBooking:AddBooking-GetDurationPC | GetDuration | GetDurationPC | GetDurationPC:value |  | undefined
14/12/2022 17:38:37:154  WARN - In Progress | session id:sess2219895 | HotelTableBooking:BookingDetails-BookingAcmt |  | Error formatting variable : GetDatePC:value : com.avaya.sce.runtime.InputFormatException: toDate, invalid month value "20" - must be between 1-12 |  |  | undefined
14/12/2022 17:38:37:164  WARN - In Progress | session id:sess2219895 | HotelTableBooking:BookingDetails-BookingAcmt |  | Problem formatting variable : GetTimePC:value : speakChars, unsupported character "?" skipped |  |  | undefined
14/12/2022 17:39:00:274  INFO - In Progress | session id:sess2219895 | HotelTableBooking:AddBooking-getBookingNo | GetBookingNo | Auto Generated Booking Number | BookingNo | 1750 | undefined
14/12/2022 17:39:00:480  INFO - Start | session id:sess2219895 | HotelTableBooking:EngMainMenu | EngMainMenu |  |  |  | undefined
14/12/2022 17:40:40:169  INFO - Start | session id:sess7171187 | HotelTableBooking:LanguageMenu | LangMenu |  |  |  | undefined
14/12/2022 17:40:42:369  INFO - Start | session id:sess7171187 | HotelTableBooking:EngMainMenu | EngMainMenu |  |  |  | undefined
14/12/2022 17:40:58:470  INFO - In Progress | session id:sess7171187 | HotelTableBooking:AddBooking-DateValidater | CheckDate | User entered valid date format |  |  | undefined
