17/12/2022 16:32:15:384  INFO - F7C88A34643277696C6B64B78F2BFD34:/HotelTableBooking : session id:sess6983344 | Lang Menu - Attempt4
17/12/2022 16:32:15:632  INFO - F7C88A34643277696C6B64B78F2BFD34:/HotelTableBooking : session id:sess6983344 | Default Language Selected
17/12/2022 16:32:15:693  INFO - F7C88A34643277696C6B64B78F2BFD34:/HotelTableBooking : session id:sess6983344 | Eng Main Menu
17/12/2022 16:33:01:964  INFO - F7C88A34643277696C6B64B78F2BFD34:/HotelTableBooking : session id:sess6983344 | Eng Main Menu
17/12/2022 16:33:29:734 ERROR - F7C88A34643277696C6B64B78F2BFD34:/HotelTableBooking : session id:sess6983344 | Hangup Event Occured
17/12/2022 16:46:22:625  INFO - 2CF11F7127B05975D268A15ECFD187D3:/HotelTableBooking : session id:sess9284593 | Welcome Acmt
17/12/2022 16:46:23:905  INFO - 2CF11F7127B05975D268A15ECFD187D3:/HotelTableBooking : session id:sess9284593 | Language Menu
17/12/2022 16:46:33:455  INFO - 2CF11F7127B05975D268A15ECFD187D3:/HotelTableBooking : session id:sess9284593 | Eng Main Menu
17/12/2022 16:47:51:830  INFO - 2CF11F7127B05975D268A15ECFD187D3:/HotelTableBooking : session id:sess9284593 | GetNoPC
17/12/2022 16:48:12:540  INFO - 2CF11F7127B05975D268A15ECFD187D3:/HotelTableBooking : session id:sess9284593 | 
User Inputs
Booking No: 1750
No Of Persons: 2
Date: 20221212
Time: 2222?
Duration: 6
17/12/2022 16:48:12:680  INFO - 2CF11F7127B05975D268A15ECFD187D3:/HotelTableBooking : session id:sess9284593 | Eng Main Menu
17/12/2022 16:48:18:876  INFO - 2CF11F7127B05975D268A15ECFD187D3:/HotelTableBooking : session id:sess9284593 | Language Menu
17/12/2022 16:48:36:605  INFO - 2CF11F7127B05975D268A15ECFD187D3:/HotelTableBooking : session id:sess9284593 | Lang Menu - Attempt1
17/12/2022 16:48:36:853  INFO - 2CF11F7127B05975D268A15ECFD187D3:/HotelTableBooking : session id:sess9284593 | Language Menu
17/12/2022 16:48:54:573  INFO - 2CF11F7127B05975D268A15ECFD187D3:/HotelTableBooking : session id:sess9284593 | Lang Menu - Attempt2
17/12/2022 16:48:54:821  INFO - 2CF11F7127B05975D268A15ECFD187D3:/HotelTableBooking : session id:sess9284593 | Language Menu
